\BOOKMARK [0][-]{chapter.1}{Coordinates}{}% 1
\BOOKMARK [0][-]{chapter.2}{LAB: Coordinates}{}% 2
\BOOKMARK [0][-]{chapter.3}{PROGRAM: Introduction to GlowScript and VPython}{}% 3
\BOOKMARK [0][-]{chapter.4}{Vectors}{}% 4
\BOOKMARK [0][-]{chapter.5}{Uniform Motion}{}% 5
\BOOKMARK [0][-]{chapter.6}{LAB: Video Analysis of Uniform Motion}{}% 6
\BOOKMARK [0][-]{chapter.7}{PROGRAM \205 Uniform Motion}{}% 7
\BOOKMARK [0][-]{chapter.8}{PROGRAM \205 Lists, Loops, and Ifs}{}% 8
\BOOKMARK [0][-]{chapter.9}{PROGRAM \205 Keyboard Interactions}{}% 9
\BOOKMARK [0][-]{chapter.10}{PROGRAM \205 Collision Detection}{}% 10
\BOOKMARK [0][-]{chapter.11}{Galilean Relativity}{}% 11
\BOOKMARK [0][-]{chapter.12}{Collision with a Stationary Rigid Barrier}{}% 12
\BOOKMARK [0][-]{chapter.13}{LAB: Coefficient of Restitution}{}% 13
\BOOKMARK [0][-]{chapter.14}{GAME \205 Pong}{}% 14
\BOOKMARK [0][-]{chapter.15}{LAB: Video Analysis of a Fan Cart}{}% 15
\BOOKMARK [0][-]{chapter.16}{Newton's Second Law}{}% 16
\BOOKMARK [0][-]{chapter.17}{PROGRAM \205 Modeling motion of a fancart}{}% 17
\BOOKMARK [0][-]{chapter.18}{GAME \205 Lunar Lander}{}% 18
\BOOKMARK [0][-]{chapter.19}{LAB: Video Analysis of Projectile Motion}{}% 19
\BOOKMARK [0][-]{chapter.20}{LAB: Angry Birds}{}% 20
\BOOKMARK [0][-]{chapter.21}{GAME \205 Tank Wars}{}% 21
\BOOKMARK [0][-]{chapter.22}{PROGRAM \205 Modeling motion with friction}{}% 22
\BOOKMARK [0][-]{chapter.23}{LAB \205 Center of Mass Velocity During an Elastic Collision}{}% 23
\BOOKMARK [0][-]{chapter.24}{GAME \205 Asteroids}{}% 24
\BOOKMARK [0][-]{chapter.25}{LAB: Arduino Gamecontroller}{}% 25
\BOOKMARK [0][-]{chapter.26}{Appendix 1: Tracker Cheat Sheet}{}% 26
\BOOKMARK [0][-]{chapter.27}{Appendix 2: Project 1 \205 Developing your first game with constant velocity motion}{}% 27
\BOOKMARK [0][-]{chapter.28}{Appendix 3: Final Project \205 Developing an Original Game}{}% 28
